Using pre-set license
Built from '2020.3/staging' branch; Version is '2020.3.26f1 (7298b473bc1a) revision 7510196'; Using compiler version '192528614'; Build Type 'Release'
OS: 'Windows 10  (10.0.19044) 64bit EnterpriseS' Language: 'hu' Physical Memory: 6081 MB
BatchMode: 1, IsHumanControllingUs: 0, StartBugReporterOnCrash: 0, Is64bit: 1, IsPro: 0

COMMAND LINE ARGUMENTS:
C:\Program Files\Unity\Hub\Editor\2020.3.26f1\Editor\Unity.exe
-adb2
-batchMode
-noUpm
-name
AssetImportWorker0
-projectPath
E:/Projects/Unity Projects/VIRTUAL REALITY MINI-DEGREE - ZENVA/3DGame
-logFile
Logs/AssetImportWorker0.log
-srvPort
56542
Successfully changed project path to: E:/Projects/Unity Projects/VIRTUAL REALITY MINI-DEGREE - ZENVA/3DGame
E:/Projects/Unity Projects/VIRTUAL REALITY MINI-DEGREE - ZENVA/3DGame
Using Asset Import Pipeline V2.
Refreshing native plugins compatible for Editor in 40.51 ms, found 2 plugins.
Preloading 0 native plugins for Editor in 0.00 ms.
Initialize engine version: 2020.3.26f1 (7298b473bc1a)
[Subsystems] Discovering subsystems at path C:/Program Files/Unity/Hub/Editor/2020.3.26f1/Editor/Data/Resources/UnitySubsystems
[Subsystems] Discovering subsystems at path E:/Projects/Unity Projects/VIRTUAL REALITY MINI-DEGREE - ZENVA/3DGame/Assets
GfxDevice: creating device client; threaded=0
Direct3D:
    Version:  Direct3D 11.0 [level 11.1]
    Renderer: AMD Radeon(TM) Vega 8 Graphics (ID=0x15d8)
    Vendor:   
    VRAM:     3040 MB
    Driver:   27.20.11030.11001
Initialize mono
Mono path[0] = 'C:/Program Files/Unity/Hub/Editor/2020.3.26f1/Editor/Data/Managed'
Mono path[1] = 'C:/Program Files/Unity/Hub/Editor/2020.3.26f1/Editor/Data/MonoBleedingEdge/lib/mono/unityjit'
Mono config path = 'C:/Program Files/Unity/Hub/Editor/2020.3.26f1/Editor/Data/MonoBleedingEdge/etc'
Using monoOptions --debugger-agent=transport=dt_socket,embedding=1,server=y,suspend=n,address=127.0.0.1:56712
Begin MonoManager ReloadAssembly
Registering precompiled unity dll's ...
Register platform support module: C:/Program Files/Unity/Hub/Editor/2020.3.26f1/Editor/Data/PlaybackEngines/WindowsStandaloneSupport/UnityEditor.WindowsStandalone.Extensions.dll
Registered in 0.005979 seconds.
Native extension for WindowsStandalone target not found
Refreshing native plugins compatible for Editor in 75.90 ms, found 2 plugins.
Preloading 0 native plugins for Editor in 0.00 ms.
Mono: successfully reloaded assembly
- Completed reload, in  1.245 seconds
Domain Reload Profiling:
	ReloadAssembly (1246ms)
		BeginReloadAssembly (106ms)
			ExecutionOrderSort (0ms)
			DisableScriptedObjects (0ms)
			BackupInstance (0ms)
			ReleaseScriptingObjects (0ms)
			CreateAndSetChildDomain (1ms)
		EndReloadAssembly (974ms)
			LoadAssemblies (104ms)
			RebuildTransferFunctionScriptingTraits (0ms)
			SetupTypeCache (336ms)
			ReleaseScriptCaches (0ms)
			RebuildScriptCaches (81ms)
			SetupLoadedEditorAssemblies (375ms)
				LogAssemblyErrors (0ms)
				InitializePlatformSupportModulesInManaged (8ms)
				SetLoadedEditorAssemblies (0ms)
				RefreshPlugins (76ms)
				BeforeProcessingInitializeOnLoad (43ms)
				ProcessInitializeOnLoadAttributes (182ms)
				ProcessInitializeOnLoadMethodAttributes (65ms)
				AfterProcessingInitializeOnLoad (0ms)
				EditorAssembliesLoaded (1ms)
			ExecutionOrderSort2 (0ms)
			AwakeInstancesAfterBackupRestoration (0ms)
Platform modules already initialized, skipping
Registering precompiled user dll's ...
Registered in 0.008913 seconds.
Begin MonoManager ReloadAssembly
Native extension for WindowsStandalone target not found
Refreshing native plugins compatible for Editor in 1.19 ms, found 2 plugins.
Preloading 0 native plugins for Editor in 0.00 ms.
Mono: successfully reloaded assembly
- Completed reload, in  2.785 seconds
Domain Reload Profiling:
	ReloadAssembly (2786ms)
		BeginReloadAssembly (393ms)
			ExecutionOrderSort (0ms)
			DisableScriptedObjects (26ms)
			BackupInstance (0ms)
			ReleaseScriptingObjects (0ms)
			CreateAndSetChildDomain (64ms)
		EndReloadAssembly (2280ms)
			LoadAssemblies (198ms)
			RebuildTransferFunctionScriptingTraits (0ms)
			SetupTypeCache (795ms)
			ReleaseScriptCaches (1ms)
			RebuildScriptCaches (134ms)
			SetupLoadedEditorAssemblies (893ms)
				LogAssemblyErrors (0ms)
				InitializePlatformSupportModulesInManaged (12ms)
				SetLoadedEditorAssemblies (1ms)
				RefreshPlugins (1ms)
				BeforeProcessingInitializeOnLoad (210ms)
				ProcessInitializeOnLoadAttributes (632ms)
				ProcessInitializeOnLoadMethodAttributes (24ms)
				AfterProcessingInitializeOnLoad (12ms)
				EditorAssembliesLoaded (0ms)
			ExecutionOrderSort2 (0ms)
			AwakeInstancesAfterBackupRestoration (18ms)
Platform modules already initialized, skipping
========================================================================
Worker process is ready to serve import requests
Launched and connected shader compiler UnityShaderCompiler.exe after 0.15 seconds
Refreshing native plugins compatible for Editor in 0.90 ms, found 2 plugins.
Preloading 0 native plugins for Editor in 0.00 ms.
Unloading 1503 Unused Serialized files (Serialized files now loaded: 0)
System memory in use before: 67.5 MB.
System memory in use after: 67.5 MB.

Unloading 19 unused Assets to reduce memory usage. Loaded Objects now: 1935.
Total: 5.559800 ms (FindLiveObjects: 0.349800 ms CreateObjectMapping: 0.103200 ms MarkObjects: 4.967500 ms  DeleteObjects: 0.136700 ms)

AssetImportParameters requested are different than current active one (requested -> active):
  custom:framework-win-MediaFoundation: 216162199b28c13a410421893ffa2e32 -> 
  custom:video-decoder-ogg-theora: a1e56fd34408186e4bbccfd4996cb3dc -> 
  custom:container-muxer-webm: aa71ff27fc2769a1b78a27578f13a17b -> 
  custom:container-demuxer-webm: 4f35f7cbe854078d1ac9338744f61a02 -> 
  custom:container-demuxer-ogg: 62fdf1f143b41e24485cea50d1cbac27 -> 
  custom:video-encoder-webm-vp8: eb34c28f22e8b96e1ab97ce403110664 -> 
  custom:video-decoder-webm-vp8: 9c59270c3fd7afecdb556c50c9e8de78 -> 
  custom:audio-decoder-ogg-vorbis: bf7c407c2cedff20999df2af8eb42d56 -> 
  custom:audio-encoder-webm-vorbis: bf7c407c2cedff20999df2af8eb42d56 -> 
========================================================================
Received Import Request.
  path: Assets
  artifactKey: Guid(00000000000000001000000000000000) Importer(815301076,1909f56bfc062723c751e8b465ee728b)
Start importing Assets using Guid(00000000000000001000000000000000) Importer(815301076,1909f56bfc062723c751e8b465ee728b)  -> (artifact id: '42d402b061de3733987d63b9cc3b64de') in 0.020994 seconds 
  Import took 0.029344 seconds .

========================================================================
Received Import Request.
  Time since last request: 1.801619 seconds.
  path: Assets/Models
  artifactKey: Guid(ed425764dea027e4aa7c41db6d9454ed) Importer(815301076,1909f56bfc062723c751e8b465ee728b)
Start importing Assets/Models using Guid(ed425764dea027e4aa7c41db6d9454ed) Importer(815301076,1909f56bfc062723c751e8b465ee728b)  -> (artifact id: '702043948250f85a078c06fda963ca5d') in 0.022519 seconds 
  Import took 0.031420 seconds .

========================================================================
Received Import Request.
  Time since last request: 96.941617 seconds.
  path: Assets/Models/Environment
  artifactKey: Guid(c62e99d66e671b548861f67ee8f9f48a) Importer(815301076,1909f56bfc062723c751e8b465ee728b)
Start importing Assets/Models/Environment using Guid(c62e99d66e671b548861f67ee8f9f48a) Importer(815301076,1909f56bfc062723c751e8b465ee728b)  -> (artifact id: '12d6e12f4a3964a0d25723743d6c8d9e') in 0.022594 seconds 
  Import took 0.028480 seconds .

========================================================================
Received Import Request.
  Time since last request: 0.043995 seconds.
  path: Assets/Models/Environment/block.fbx
  artifactKey: Guid(4c88a4e4a3a2e734b9c96c89b8057e1b) Importer(815301076,1909f56bfc062723c751e8b465ee728b)
Start importing Assets/Models/Environment/block.fbx using Guid(4c88a4e4a3a2e734b9c96c89b8057e1b) Importer(815301076,1909f56bfc062723c751e8b465ee728b)  -> (artifact id: 'f475e7ff5ad3cf6ef55ab4d033d991a5') in 0.925535 seconds 
  Import took 0.931817 seconds .

========================================================================
Received Import Request.
  Time since last request: 0.000255 seconds.
  path: Assets/Models/Environment/cube.fbx
  artifactKey: Guid(8ad35bfcdd11358408c528e503fa8a59) Importer(815301076,1909f56bfc062723c751e8b465ee728b)
Start importing Assets/Models/Environment/cube.fbx using Guid(8ad35bfcdd11358408c528e503fa8a59) Importer(815301076,1909f56bfc062723c751e8b465ee728b)  -> (artifact id: '6bdc8a1ad1d1fb63eb96e1fa7ddb0f12') in 0.077292 seconds 
  Import took 0.081568 seconds .

========================================================================
Received Import Request.
  Time since last request: 0.000254 seconds.
  path: Assets/Models/Environment/coinGold.fbx
  artifactKey: Guid(4d022d744926ef347870f93fddb7bca7) Importer(815301076,1909f56bfc062723c751e8b465ee728b)
Start importing Assets/Models/Environment/coinGold.fbx using Guid(4d022d744926ef347870f93fddb7bca7) Importer(815301076,1909f56bfc062723c751e8b465ee728b)  -> (artifact id: '975ec4d594c0578c7c11702eba3b32ed') in 0.074449 seconds 
  Import took 0.078629 seconds .

========================================================================
Received Import Request.
  Time since last request: 0.000494 seconds.
  path: Assets/Models/Environment/rocks.fbx
  artifactKey: Guid(1d296e586a53c584891666044994c740) Importer(815301076,1909f56bfc062723c751e8b465ee728b)
Start importing Assets/Models/Environment/rocks.fbx using Guid(1d296e586a53c584891666044994c740) Importer(815301076,1909f56bfc062723c751e8b465ee728b)  -> (artifact id: 'e8c4a93fa91987570f398506873c9a89') in 0.049168 seconds 
  Import took 0.054371 seconds .

========================================================================
Received Import Request.
  Time since last request: 0.000236 seconds.
  path: Assets/Models/Environment/flag.fbx
  artifactKey: Guid(a7665c93eeccabf4f8e83f1bf85a51c8) Importer(815301076,1909f56bfc062723c751e8b465ee728b)
Start importing Assets/Models/Environment/flag.fbx using Guid(a7665c93eeccabf4f8e83f1bf85a51c8) Importer(815301076,1909f56bfc062723c751e8b465ee728b)  -> (artifact id: '02717a5f302ae7faa9e5c67b53f0ebe5') in 0.059958 seconds 
  Import took 0.063575 seconds .

========================================================================
Received Import Request.
  Time since last request: 0.000209 seconds.
  path: Assets/Models/Environment/blockLarge.fbx
  artifactKey: Guid(fef1307089c34094fb2766d95c279f41) Importer(815301076,1909f56bfc062723c751e8b465ee728b)
Start importing Assets/Models/Environment/blockLarge.fbx using Guid(fef1307089c34094fb2766d95c279f41) Importer(815301076,1909f56bfc062723c751e8b465ee728b)  -> (artifact id: '6d98b3e4444411575a06c91e980f1576') in 0.080674 seconds 
  Import took 0.084378 seconds .

========================================================================
Received Import Request.
  Time since last request: 0.000260 seconds.
  path: Assets/Models/Environment/tree.fbx
  artifactKey: Guid(eb76dc7a8087b364e9878ce735b9a7e6) Importer(815301076,1909f56bfc062723c751e8b465ee728b)
Start importing Assets/Models/Environment/tree.fbx using Guid(eb76dc7a8087b364e9878ce735b9a7e6) Importer(815301076,1909f56bfc062723c751e8b465ee728b)  -> (artifact id: '5db19355371da86703b2ec688d0758b8') in 0.065327 seconds 
  Import took 0.068436 seconds .

========================================================================
Received Import Request.
  Time since last request: 14.350905 seconds.
  path: Assets/Models/Player
  artifactKey: Guid(37b096466d7912141877d224645b3ede) Importer(815301076,1909f56bfc062723c751e8b465ee728b)
Start importing Assets/Models/Player using Guid(37b096466d7912141877d224645b3ede) Importer(815301076,1909f56bfc062723c751e8b465ee728b)  -> (artifact id: '238043ebb48bf052741bf927035e9296') in 0.015329 seconds 
  Import took 0.021288 seconds .

========================================================================
Received Import Request.
  Time since last request: 0.042213 seconds.
  path: Assets/Models/Player/advancedCharacter.fbx
  artifactKey: Guid(f364beab777f4124fbeca0d01c48c8ea) Importer(815301076,1909f56bfc062723c751e8b465ee728b)
Start importing Assets/Models/Player/advancedCharacter.fbx using Guid(f364beab777f4124fbeca0d01c48c8ea) Importer(815301076,1909f56bfc062723c751e8b465ee728b)  -> (artifact id: 'cf25a3d81f90b1b8f18db3cf10389948') in 0.256696 seconds 
  Import took 0.263971 seconds .

========================================================================
Received Import Request.
  Time since last request: 0.000463 seconds.
  path: Assets/Models/Player/skin_womanAlternative.png
  artifactKey: Guid(01f40868a7e4db74baec71105ef6215a) Importer(815301076,1909f56bfc062723c751e8b465ee728b)
Start importing Assets/Models/Player/skin_womanAlternative.png using Guid(01f40868a7e4db74baec71105ef6215a) Importer(815301076,1909f56bfc062723c751e8b465ee728b)  -> (artifact id: 'c5751e12b309c9f8fc0f6f5107147f9e') in 0.077958 seconds 
  Import took 0.083878 seconds .

========================================================================
Received Import Request.
  Time since last request: 0.000387 seconds.
  path: Assets/Models/Player/advancedCharacterUV.tga
  artifactKey: Guid(e0eba78ee71cac242b3d898717b31e59) Importer(815301076,1909f56bfc062723c751e8b465ee728b)
Start importing Assets/Models/Player/advancedCharacterUV.tga using Guid(e0eba78ee71cac242b3d898717b31e59) Importer(815301076,1909f56bfc062723c751e8b465ee728b)  -> (artifact id: 'b6cf804da19b0c5fd7eb276a71329e58') in 0.055444 seconds 
  Import took 0.060725 seconds .

========================================================================
Received Import Request.
  Time since last request: 0.000371 seconds.
  path: Assets/Models/Player/skin_woman.png
  artifactKey: Guid(136bc84ccdef1f74f84bcd96ac92e374) Importer(815301076,1909f56bfc062723c751e8b465ee728b)
Start importing Assets/Models/Player/skin_woman.png using Guid(136bc84ccdef1f74f84bcd96ac92e374) Importer(815301076,1909f56bfc062723c751e8b465ee728b)  -> (artifact id: '3c1f675a12ac526d7b9a3d72fbe7b75a') in 0.028208 seconds 
  Import took 0.033464 seconds .

========================================================================
Received Import Request.
  Time since last request: 0.000438 seconds.
  path: Assets/Models/Player/skin_orc.png
  artifactKey: Guid(bcdfa4612926d004e961f56796a05ac7) Importer(815301076,1909f56bfc062723c751e8b465ee728b)
Start importing Assets/Models/Player/skin_orc.png using Guid(bcdfa4612926d004e961f56796a05ac7) Importer(815301076,1909f56bfc062723c751e8b465ee728b)  -> (artifact id: '91a21f415006984bba8de4800aa72248') in 0.028122 seconds 
  Import took 0.035110 seconds .

========================================================================
Received Import Request.
  Time since last request: 0.000507 seconds.
  path: Assets/Models/Player/skin_manAlternative.png
  artifactKey: Guid(2f8da539f851c594c8dc8d951f2fd747) Importer(815301076,1909f56bfc062723c751e8b465ee728b)
Start importing Assets/Models/Player/skin_manAlternative.png using Guid(2f8da539f851c594c8dc8d951f2fd747) Importer(815301076,1909f56bfc062723c751e8b465ee728b)  -> (artifact id: '1724ff9b2e5eeac383ccebff07295df8') in 0.025615 seconds 
  Import took 0.031135 seconds .

========================================================================
Received Import Request.
  Time since last request: 0.000443 seconds.
  path: Assets/Models/Player/skin_soldier.png
  artifactKey: Guid(85572a8e940017e4cbb3664ff3965eed) Importer(815301076,1909f56bfc062723c751e8b465ee728b)
Start importing Assets/Models/Player/skin_soldier.png using Guid(85572a8e940017e4cbb3664ff3965eed) Importer(815301076,1909f56bfc062723c751e8b465ee728b)  -> (artifact id: '647b5cf6ea407e0735df25e25458e6d9') in 0.022039 seconds 
  Import took 0.027652 seconds .

========================================================================
Received Import Request.
  Time since last request: 0.000312 seconds.
  path: Assets/Models/Player/skin_robot.png
  artifactKey: Guid(cd96baa36fefb8940afafb827d54283a) Importer(815301076,1909f56bfc062723c751e8b465ee728b)
Start importing Assets/Models/Player/skin_robot.png using Guid(cd96baa36fefb8940afafb827d54283a) Importer(815301076,1909f56bfc062723c751e8b465ee728b)  -> (artifact id: '30f496cc642053379df526eb3b971659') in 0.023747 seconds 
  Import took 0.028698 seconds .

========================================================================
Received Import Request.
  Time since last request: 0.000527 seconds.
  path: Assets/Models/Player/skin_man.png
  artifactKey: Guid(e7742c118730e794682214da9b8d72e8) Importer(815301076,1909f56bfc062723c751e8b465ee728b)
Start importing Assets/Models/Player/skin_man.png using Guid(e7742c118730e794682214da9b8d72e8) Importer(815301076,1909f56bfc062723c751e8b465ee728b)  -> (artifact id: '8565b1dc7563a5ade3cc548a1e42ab62') in 0.017173 seconds 
  Import took 0.022533 seconds .

========================================================================
Received Import Request.
  Time since last request: 0.000271 seconds.
  path: Assets/Models/Player/skin_adventurer.png
  artifactKey: Guid(553cb79c4a4023a4d866a47c79fc66d3) Importer(815301076,1909f56bfc062723c751e8b465ee728b)
Start importing Assets/Models/Player/skin_adventurer.png using Guid(553cb79c4a4023a4d866a47c79fc66d3) Importer(815301076,1909f56bfc062723c751e8b465ee728b)  -> (artifact id: 'a06eee2127043d3e8637f864fa72d839') in 0.031936 seconds 
  Import took 0.036560 seconds .

AssetImportWorkerClient::OnTransportError - code=2 error=End of file
