Using pre-set license
Built from '2020.3/staging' branch; Version is '2020.3.26f1 (7298b473bc1a) revision 7510196'; Using compiler version '192528614'; Build Type 'Release'
OS: 'Windows 10  (10.0.19044) 64bit EnterpriseS' Language: 'hu' Physical Memory: 6081 MB
BatchMode: 1, IsHumanControllingUs: 0, StartBugReporterOnCrash: 0, Is64bit: 1, IsPro: 0

COMMAND LINE ARGUMENTS:
C:\Program Files\Unity\Hub\Editor\2020.3.26f1\Editor\Unity.exe
-adb2
-batchMode
-noUpm
-name
AssetImportWorker0
-projectPath
E:/Projects/Unity Projects/VIRTUAL REALITY MINI-DEGREE - ZENVA/UnityMicroProjects
-logFile
Logs/AssetImportWorker0.log
-srvPort
64894
Successfully changed project path to: E:/Projects/Unity Projects/VIRTUAL REALITY MINI-DEGREE - ZENVA/UnityMicroProjects
E:/Projects/Unity Projects/VIRTUAL REALITY MINI-DEGREE - ZENVA/UnityMicroProjects
Using Asset Import Pipeline V2.
Refreshing native plugins compatible for Editor in 70.85 ms, found 2 plugins.
Preloading 0 native plugins for Editor in 0.00 ms.
Initialize engine version: 2020.3.26f1 (7298b473bc1a)
[Subsystems] Discovering subsystems at path C:/Program Files/Unity/Hub/Editor/2020.3.26f1/Editor/Data/Resources/UnitySubsystems
[Subsystems] Discovering subsystems at path E:/Projects/Unity Projects/VIRTUAL REALITY MINI-DEGREE - ZENVA/UnityMicroProjects/Assets
GfxDevice: creating device client; threaded=0
Direct3D:
    Version:  Direct3D 11.0 [level 11.1]
    Renderer: AMD Radeon(TM) Vega 8 Graphics (ID=0x15d8)
    Vendor:   
    VRAM:     3040 MB
    Driver:   27.20.11030.11001
Initialize mono
Mono path[0] = 'C:/Program Files/Unity/Hub/Editor/2020.3.26f1/Editor/Data/Managed'
Mono path[1] = 'C:/Program Files/Unity/Hub/Editor/2020.3.26f1/Editor/Data/MonoBleedingEdge/lib/mono/unityjit'
Mono config path = 'C:/Program Files/Unity/Hub/Editor/2020.3.26f1/Editor/Data/MonoBleedingEdge/etc'
Using monoOptions --debugger-agent=transport=dt_socket,embedding=1,server=y,suspend=n,address=127.0.0.1:56316
Begin MonoManager ReloadAssembly
Registering precompiled unity dll's ...
Register platform support module: C:/Program Files/Unity/Hub/Editor/2020.3.26f1/Editor/Data/PlaybackEngines/WindowsStandaloneSupport/UnityEditor.WindowsStandalone.Extensions.dll
Registered in 0.003181 seconds.
Native extension for WindowsStandalone target not found
Refreshing native plugins compatible for Editor in 87.73 ms, found 2 plugins.
Preloading 0 native plugins for Editor in 0.00 ms.
Mono: successfully reloaded assembly
- Completed reload, in  1.050 seconds
Domain Reload Profiling:
	ReloadAssembly (1050ms)
		BeginReloadAssembly (81ms)
			ExecutionOrderSort (0ms)
			DisableScriptedObjects (0ms)
			BackupInstance (0ms)
			ReleaseScriptingObjects (0ms)
			CreateAndSetChildDomain (1ms)
		EndReloadAssembly (836ms)
			LoadAssemblies (77ms)
			RebuildTransferFunctionScriptingTraits (0ms)
			SetupTypeCache (309ms)
			ReleaseScriptCaches (0ms)
			RebuildScriptCaches (37ms)
			SetupLoadedEditorAssemblies (328ms)
				LogAssemblyErrors (0ms)
				InitializePlatformSupportModulesInManaged (7ms)
				SetLoadedEditorAssemblies (0ms)
				RefreshPlugins (88ms)
				BeforeProcessingInitializeOnLoad (34ms)
				ProcessInitializeOnLoadAttributes (149ms)
				ProcessInitializeOnLoadMethodAttributes (49ms)
				AfterProcessingInitializeOnLoad (0ms)
				EditorAssembliesLoaded (0ms)
			ExecutionOrderSort2 (0ms)
			AwakeInstancesAfterBackupRestoration (0ms)
Platform modules already initialized, skipping
Registering precompiled user dll's ...
Registered in 0.006695 seconds.
Begin MonoManager ReloadAssembly
Native extension for WindowsStandalone target not found
Refreshing native plugins compatible for Editor in 0.60 ms, found 2 plugins.
Preloading 0 native plugins for Editor in 0.00 ms.
Mono: successfully reloaded assembly
- Completed reload, in  2.421 seconds
Domain Reload Profiling:
	ReloadAssembly (2422ms)
		BeginReloadAssembly (266ms)
			ExecutionOrderSort (0ms)
			DisableScriptedObjects (14ms)
			BackupInstance (0ms)
			ReleaseScriptingObjects (0ms)
			CreateAndSetChildDomain (38ms)
		EndReloadAssembly (2028ms)
			LoadAssemblies (202ms)
			RebuildTransferFunctionScriptingTraits (0ms)
			SetupTypeCache (549ms)
			ReleaseScriptCaches (1ms)
			RebuildScriptCaches (110ms)
			SetupLoadedEditorAssemblies (932ms)
				LogAssemblyErrors (0ms)
				InitializePlatformSupportModulesInManaged (9ms)
				SetLoadedEditorAssemblies (1ms)
				RefreshPlugins (1ms)
				BeforeProcessingInitializeOnLoad (252ms)
				ProcessInitializeOnLoadAttributes (622ms)
				ProcessInitializeOnLoadMethodAttributes (31ms)
				AfterProcessingInitializeOnLoad (15ms)
				EditorAssembliesLoaded (1ms)
			ExecutionOrderSort2 (0ms)
			AwakeInstancesAfterBackupRestoration (20ms)
Platform modules already initialized, skipping
========================================================================
Worker process is ready to serve import requests
Launched and connected shader compiler UnityShaderCompiler.exe after 0.15 seconds
Refreshing native plugins compatible for Editor in 0.47 ms, found 2 plugins.
Preloading 0 native plugins for Editor in 0.00 ms.
Unloading 1519 Unused Serialized files (Serialized files now loaded: 0)
System memory in use before: 71.4 MB.
System memory in use after: 71.5 MB.

Unloading 19 unused Assets to reduce memory usage. Loaded Objects now: 1951.
Total: 6.039300 ms (FindLiveObjects: 0.320300 ms CreateObjectMapping: 0.098200 ms MarkObjects: 5.476600 ms  DeleteObjects: 0.141400 ms)

AssetImportParameters requested are different than current active one (requested -> active):
  custom:framework-win-MediaFoundation: 216162199b28c13a410421893ffa2e32 -> 
  custom:video-decoder-ogg-theora: a1e56fd34408186e4bbccfd4996cb3dc -> 
  custom:container-muxer-webm: aa71ff27fc2769a1b78a27578f13a17b -> 
  custom:container-demuxer-webm: 4f35f7cbe854078d1ac9338744f61a02 -> 
  custom:container-demuxer-ogg: 62fdf1f143b41e24485cea50d1cbac27 -> 
  custom:video-encoder-webm-vp8: eb34c28f22e8b96e1ab97ce403110664 -> 
  custom:video-decoder-webm-vp8: 9c59270c3fd7afecdb556c50c9e8de78 -> 
  custom:audio-decoder-ogg-vorbis: bf7c407c2cedff20999df2af8eb42d56 -> 
  custom:audio-encoder-webm-vorbis: bf7c407c2cedff20999df2af8eb42d56 -> 
========================================================================
Received Import Request.
  path: Assets/Bowling
  artifactKey: Guid(c8b52a259bbece24eb2469edc320d4b3) Importer(815301076,1909f56bfc062723c751e8b465ee728b)
Start importing Assets/Bowling using Guid(c8b52a259bbece24eb2469edc320d4b3) Importer(815301076,1909f56bfc062723c751e8b465ee728b)  -> (artifact id: 'a1361e9a223ff23457b66f3099d87911') in 0.024096 seconds 
  Import took 0.031141 seconds .

========================================================================
Received Import Request.
  Time since last request: 2.692932 seconds.
  path: Assets/Bowling/Scenes
  artifactKey: Guid(01e34a7a8deac574092e7f33ec1c6592) Importer(815301076,1909f56bfc062723c751e8b465ee728b)
Start importing Assets/Bowling/Scenes using Guid(01e34a7a8deac574092e7f33ec1c6592) Importer(815301076,1909f56bfc062723c751e8b465ee728b)  -> (artifact id: 'e64992fbdf94d79005e90d0d9dc67545') in 0.008025 seconds 
  Import took 0.015800 seconds .

========================================================================
Received Import Request.
  Time since last request: 10.817301 seconds.
  path: Assets/Bowling/Scenes/Bowling.unity
  artifactKey: Guid(de2e4be5b2d5a2148ab76931ba7e629b) Importer(815301076,1909f56bfc062723c751e8b465ee728b)
Start importing Assets/Bowling/Scenes/Bowling.unity using Guid(de2e4be5b2d5a2148ab76931ba7e629b) Importer(815301076,1909f56bfc062723c751e8b465ee728b)  -> (artifact id: 'eba5b639fe2b9384bc212ecdf84c046b') in 0.043893 seconds 
  Import took 0.049225 seconds .

========================================================================
Received Import Request.
  Time since last request: 165.295329 seconds.
  path: Assets/Bowling/Prefabs
  artifactKey: Guid(f6e341ef44da05642a4ab943ec47a515) Importer(815301076,1909f56bfc062723c751e8b465ee728b)
Start importing Assets/Bowling/Prefabs using Guid(f6e341ef44da05642a4ab943ec47a515) Importer(815301076,1909f56bfc062723c751e8b465ee728b)  -> (artifact id: '30f76db507cfc4b8ea74872c170daa28') in 0.005336 seconds 
  Import took 0.009434 seconds .

========================================================================
Received Import Request.
  Time since last request: 100.364395 seconds.
  path: Assets/Bowling/Prefabs/Cube.prefab
  artifactKey: Guid(fa3f80e0d53eea845b696fdafe9b31f7) Importer(815301076,1909f56bfc062723c751e8b465ee728b)
Start importing Assets/Bowling/Prefabs/Cube.prefab using Guid(fa3f80e0d53eea845b696fdafe9b31f7) Importer(815301076,1909f56bfc062723c751e8b465ee728b)  -> (artifact id: '46e981ee62c3d227d5c7d448b5c2033d') in 0.155015 seconds 
  Import took 0.158137 seconds .

========================================================================
Received Import Request.
  Time since last request: 480.421290 seconds.
  path: Assets/Bowling/Materials
  artifactKey: Guid(a957851a29b971a40a3eb93d4b4ddea5) Importer(815301076,1909f56bfc062723c751e8b465ee728b)
Start importing Assets/Bowling/Materials using Guid(a957851a29b971a40a3eb93d4b4ddea5) Importer(815301076,1909f56bfc062723c751e8b465ee728b)  -> (artifact id: 'a6e99bec5c7f83513f2f169a9a6e0693') in 0.004130 seconds 
  Import took 0.009203 seconds .

========================================================================
Received Import Request.
  Time since last request: 14.630280 seconds.
  path: Assets/Bowling/Materials/Ground.mat
  artifactKey: Guid(19aa6ae39212a6a4295019c482743fd4) Importer(815301076,1909f56bfc062723c751e8b465ee728b)
Start importing Assets/Bowling/Materials/Ground.mat using Guid(19aa6ae39212a6a4295019c482743fd4) Importer(815301076,1909f56bfc062723c751e8b465ee728b)  -> (artifact id: '1ced8ed814cc10e52e82550ef4ee30b9') in 0.057287 seconds 
  Import took 0.060951 seconds .

========================================================================
Received Import Request.
  Time since last request: 24.499645 seconds.
  path: Assets/Bowling/Materials/Edge.mat
  artifactKey: Guid(438f760896f99554e9471000904589ac) Importer(815301076,1909f56bfc062723c751e8b465ee728b)
Start importing Assets/Bowling/Materials/Edge.mat using Guid(438f760896f99554e9471000904589ac) Importer(815301076,1909f56bfc062723c751e8b465ee728b)  -> (artifact id: '573fd9914a1dd9a467d70acdda260017') in 0.028706 seconds 
  Import took 0.032360 seconds .

========================================================================
Received Import Request.
  Time since last request: 8.318388 seconds.
  path: Assets/Bowling/Materials/GroundEdge.mat
  artifactKey: Guid(438f760896f99554e9471000904589ac) Importer(815301076,1909f56bfc062723c751e8b465ee728b)
Start importing Assets/Bowling/Materials/GroundEdge.mat using Guid(438f760896f99554e9471000904589ac) Importer(815301076,1909f56bfc062723c751e8b465ee728b)  -> (artifact id: '4c04063903de3f90d888ab512b75f82e') in 0.027635 seconds 
  Import took 0.031479 seconds .

========================================================================
Received Prepare
Registering precompiled user dll's ...
Registered in 0.005666 seconds.
Begin MonoManager ReloadAssembly
Native extension for WindowsStandalone target not found
Refreshing native plugins compatible for Editor in 0.72 ms, found 2 plugins.
Preloading 0 native plugins for Editor in 0.00 ms.
Mono: successfully reloaded assembly
- Completed reload, in  1.936 seconds
Domain Reload Profiling:
	ReloadAssembly (1937ms)
		BeginReloadAssembly (227ms)
			ExecutionOrderSort (0ms)
			DisableScriptedObjects (9ms)
			BackupInstance (0ms)
			ReleaseScriptingObjects (0ms)
			CreateAndSetChildDomain (67ms)
		EndReloadAssembly (1588ms)
			LoadAssemblies (178ms)
			RebuildTransferFunctionScriptingTraits (0ms)
			SetupTypeCache (571ms)
			ReleaseScriptCaches (2ms)
			RebuildScriptCaches (77ms)
			SetupLoadedEditorAssemblies (577ms)
				LogAssemblyErrors (0ms)
				InitializePlatformSupportModulesInManaged (9ms)
				SetLoadedEditorAssemblies (1ms)
				RefreshPlugins (1ms)
				BeforeProcessingInitializeOnLoad (145ms)
				ProcessInitializeOnLoadAttributes (393ms)
				ProcessInitializeOnLoadMethodAttributes (18ms)
				AfterProcessingInitializeOnLoad (9ms)
				EditorAssembliesLoaded (0ms)
			ExecutionOrderSort2 (0ms)
			AwakeInstancesAfterBackupRestoration (15ms)
Platform modules already initialized, skipping
Refreshing native plugins compatible for Editor in 0.59 ms, found 2 plugins.
Preloading 0 native plugins for Editor in 0.00 ms.
Unloading 1500 Unused Serialized files (Serialized files now loaded: 0)
System memory in use before: 73.3 MB.
System memory in use after: 73.4 MB.

Unloading 15 unused Assets to reduce memory usage. Loaded Objects now: 1994.
Total: 5.736800 ms (FindLiveObjects: 0.225300 ms CreateObjectMapping: 0.048500 ms MarkObjects: 5.428400 ms  DeleteObjects: 0.031900 ms)

AssetImportParameters requested are different than current active one (requested -> active):
  custom:framework-win-MediaFoundation: 216162199b28c13a410421893ffa2e32 -> 
  custom:video-decoder-ogg-theora: a1e56fd34408186e4bbccfd4996cb3dc -> 
  custom:container-muxer-webm: aa71ff27fc2769a1b78a27578f13a17b -> 
  custom:container-demuxer-webm: 4f35f7cbe854078d1ac9338744f61a02 -> 
  custom:container-demuxer-ogg: 62fdf1f143b41e24485cea50d1cbac27 -> 
  custom:video-encoder-webm-vp8: eb34c28f22e8b96e1ab97ce403110664 -> 
  custom:video-decoder-webm-vp8: 9c59270c3fd7afecdb556c50c9e8de78 -> 
  custom:audio-decoder-ogg-vorbis: bf7c407c2cedff20999df2af8eb42d56 -> 
  custom:audio-encoder-webm-vorbis: bf7c407c2cedff20999df2af8eb42d56 -> 
AssetImportWorkerClient::OnTransportError - code=2 error=End of file
